[    0.000000] Initializing cgroup subsys cpuset
[    0.000000] Initializing cgroup subsys cpu
[    0.000000] Initializing cgroup subsys cpuacct
[    0.000000] Linux version 4.4.0-179-generic (buildd@lcy01-amd64-014) (gcc version 5.4.0 20160609 (Ubuntu 5.4.0-6ubuntu1~16.04.12) ) #209-Ubuntu SMP Fri Apr 24 17:48:44 UTC 2020 (Ubuntu 4.4.0-179.209-generic 4.4.219)
[    0.000000] Command line: BOOT_IMAGE=/boot/vmlinuz-4.4.0-179-generic root=LABEL=cloudimg-rootfs ro console=tty1 console=ttyS0
[    0.000000] KERNEL supported cpus:
[    0.000000]   Intel GenuineIntel
[    0.000000]   AMD AuthenticAMD
[    0.000000]   Centaur CentaurHauls
[    0.000000] x86/fpu: xstate_offset[2]:  576, xstate_sizes[2]:  256
[    0.000000] x86/fpu: Supporting XSAVE feature 0x01: 'x87 floating point registers'
[    0.000000] x86/fpu: Supporting XSAVE feature 0x02: 'SSE registers'
[    0.000000] x86/fpu: Supporting XSAVE feature 0x04: 'AVX registers'
[    0.000000] x86/fpu: Enabled state features 0x7, context size is 832 bytes, using 'standard' format.
[    0.000000] e820: BIOS-provided physical RAM map:
[    0.000000] BIOS-e820: [mem 0x0000000000000000-0x000000000009fbff] usable
[    0.000000] BIOS-e820: [mem 0x000000000009fc00-0x000000000009ffff] reserved
[    0.000000] BIOS-e820: [mem 0x00000000000f0000-0x00000000000fffff] reserved
[    0.000000] BIOS-e820: [mem 0x0000000000100000-0x000000001ffeffff] usable
[    0.000000] BIOS-e820: [mem 0x000000001fff0000-0x000000001fffffff] ACPI data
[    0.000000] BIOS-e820: [mem 0x00000000fec00000-0x00000000fec00fff] reserved
[    0.000000] BIOS-e820: [mem 0x00000000fee00000-0x00000000fee00fff]] reserved
[    0.000000] BIOS-e820: [mem 0x00000000fffc0000-0x00000000ffffffff] reserved
[    0.000000] NX (Execute Disable) protection: active
[    0.000000] SMBIOS 2.5 present.
[    0.000000] pervisor detected: KVM
[    0.000000] e820: last_pfn = 0x1fff0 max_arch_pfn = 0x400000000
[    0.000000] MTRR: Disabled
[    0.000000] x86/PAT: MTRRs disabled, skipping PAT initialization too.
[    0.000000] CPU MTRRs all blank - virtualized system.
[    0.000000] x86/PAT: Configuration [0-7]: WB  WT  UC- UC  WB  WT  UC- UC  
[    0.000000] found SMP MP-table at [mem 0x0009fff0-0x0009ffff] mapped at [ffff88000009fff0]
[    0.000000] Scanning 1 areas for low memory corruption
[    0.000000] RAMDISK: [mem 0x1e8a7000-0x1f72efff]
[    0.000000] ACPI: Early table checksum verification disabled
[    0.000000] ACPI: RSDP 0x00000000000E0000 000024 (v02 VBOX  )
[    0.000000] ACPI: XSDT 0x000000001FFF0030 00003C (v01 VBOX   VBOXXSDT 00000001 ASL  00000061)
[    0.000000] ACPI: FACP 0x000000001FFF00F0 0000F4 (v04 VBOX   VBOXFACP 00000001 ASL  00000061)
[    0.000000] ACPI: SDT 0x000000001FFF040 0021FF (v02 VBOX   VBOXBIOS 00000002 INTL 20100528)
[    0.000000] ACPI: FACS 0x000000001FFF0200 000040
[    0.000000] ACPI: FACS 0x000000001FFF0200 000040
[    0.000000] ACPI: APIC 0x000000001FFF0240 00005C (v02 VBOX   VBOXAPIC 00000001 ASL  00000061)
[    0.000000] ACPI: SSDT 0x000000001FFF02A0 0001CC (v01 VBOX   VBOXCPUT 00000002 INTL 20100528)
[    0.000000] No NUMA configuration found
[    0.000000] Faking a node at [mem 0x0000000000000000-0x000000001ffeffff]
[    0.000000] NODE_DATA(0) allocated [mem 0x1ffeb000-0x1ffeffff]
[    0.000000] kvm-clock: Using msrs 4b564d01 and 4b564d00
[    0.000000] kvm-clock: cpu 0, msr 0:1ffe3001, primary cpu clock
[    0.000000] kvm-clock: using sched offset of 3323784909 cycles
[    0.000000] clocksource: kvm-clock: mask: 0xffffffffffffffff max_cycles: 0x1cd42e4dffb, max_idle_ns: 881590591483 ns
[    0.000000] Zone ranges:
[    0.000000]   DMA      [mem 0x0000000000001000-0x0000000000ffffff]
[    0.000000]   DMA32    [mem 0x0000000001000000-0x000000001ffeffff]
[    0.000000]   Normal   empty
[    0.000000]   Device   empty
[    0.000000] Movable zone start for each node
[    0.000000] Early memory node ranges
[    0.000000]   node   0: [mem 0x0000000000001000-0x000000000009efff]
[    0.000000]   node   0: [mem 0x0000000000100000-0x000000001ffeffff]
[    0.000000] Initmem setup node 0 [mem 0x0000000000001000-0x000000001ffeffff]
[    000000] ACPI: PM-Timer IO Port: 0x4008
[    0.000000] IOAPIC[0]: apic_id 2, version 32, address 0xfec00000, GSI 0-23
[    0.000000] ACPI: INT_SRC_OVR (bus 0 bus_irq 0 global_irq 2 dfl dfl)
[    0.000000] ACPI: INT_SRC_OVR (bus 0 bus_irq 9 global_irq 9 low level)
[    0.000000] Using ACPI (MADT) for SMP configuration information
[    0.000000] smpboot: Allowing 2 CPUs, 0 hotplug CPUs
[    0.000000] PM: Registered nosave memory: [mem 0x00000000-0x00000fff]
[    0.000000] PM: Registered nosave memory: [mem 0x0009f000-0x0009ffff]
[    0.000000] PM: Registered nosave memory: [mem 0x000a0000-0x000effff]
[    0.000000] PM: Registered nosave memory: [mem 0x000f0000-0x000fffff]
[    0.000000] e820: [mem 0x20000000-0xfebfffff] available for PCI devices
[    0.000000] Booting paravirtualized kernel on KVM
[    0.000000] clocksource: refined-jiffies: mask: 0xffffffff max_cycles: 0xffffffff, max_idle_ns: 7645519600211568 ns
[    0.000000] setup_percpu: NR_CPUS:512 nr_cpumask_bits:512 nr_cpu_ids:2 nr_node_ids:1
[    0.000000] PERCPU: Embedded 33 pages/cpu @ffff88001fc00000 s95448 r8192 d31528 u1048576
[    0.000000] Built 1 zonelists in Node order, mobility grouping on.  Total pages: 128888
[    0.000000] Policy zone: DMA32
[    0.000000] Kernel command line: BOOT_IMAGE=/boot/vmlinuz-4.4.0-179-generic root=LABEL=cloudimg-rootfs ro console=tty1 console=ttyS0
[    0.000000] PID hash table entries: 2048 (order: 2, 16384 bytes)
[    0.000000] Memory: 481592K/523832K available (8630K kernel code, 1336K rwdata, 4036K rodata, 1488K init, 1292K bss, 42240K reserved, 0K cma-reserved)
[    0.000000] SLUB: HWalign=64, Order=0-3, MinObjects=0, CPUs=2, Nodes=1
[    0.000000] Kernel/User page tables isolation: enabled
[    0.000000] Hierarchical RCU implementation.
[    0.000000] 	Build-time adjustment of leaf fanout to 64.
[    0.000000] 	RCU restricting CPUs from NR_CPUS=512 to nr_cpu_ids=2.
[    0.000000] RCU: Adjusting geometry for rcu_fanout_leaf=64, nr_cpu_ids=2
[  0.000000] NR_IRQS:33024 nr_irqs:440 16
[    0.000000] Console: colour VGA+ 80x25
[    0.000000] console [tty1] enabled
[    0.000000] console [ttyS0] enabled
[    0.000000] tsc: Detected 3504.000 MHz processor
[    0.354314] Calibrating delay loop (skipped) preset value.. 7008.00 BogoMIPS (lpj=14016000)
[    0.356804] pid_max: default: 32768 minimum: 301
[    0.358383] ACPI: Core revision 20150930
[    0.371634] ACPI: 2 ACPI AML tables successfully acquired and loaded
[    0.373565] Security Framework initialized
[    0.374742] Yama: becoming mindful.
[    0.375822] AppArmor: AppArmor initialized
[    0.377040] Dentry cache hash table entries: 65536 (order: 7, 524288 bytes)
[    0.379355] Inode-cache hash table entries: 32768 (order: 6, 262144 bytes)
[    0.387501] Mount-cache hash table entries: 1024 (order: 1, 8192 bytes)
[    0.389578] Mountpoint-cache hash table entries: 1024 (order: 1, 8192 bytes)
[    0.391393] Initializing cgroup subsys io
[    0.392482] Initializing cgroup subsys memory
[    0.393677] Initializing cgroup subsys devices
[    0.395273] Initializing cgroup subsys freezer
[    0.396507] Initializing cgroup subsys net_cls
[    0.398356] Initializing cgroup subsys perf_event
[    0.399660] Initializing cgroup subsys net_prio
[    0.401854] Initializing cgroup subsys hugetlb
[    0.403305] Initializing cgroup subsys pids
[    0.405614] mce: CPU supports 0 MCE banks
[    0.406792] Last level iTLB entries: 4KB 128, 2MB 8, 4MB 8
[    0.408336] Last level dTLB entries: 4KB 64, 2MB 0, 4MB 0, 1GB 4
[    0.409967] Spectre V1 : Mitigation: usercopy/swapgs barriers and __user pointer sanitization
[    0.412246] Spectre V2 : Mitigation: Full generic retpoline
[    0.413691] Spectre V2 : Spectre v2 / SpectreRSB mitigation: Filling RSB on context switch
[    0.415902] Speculative Store Bypass: Vulnerable
[    0.417357] MDS: Vulnerable: Clear CPU buffers attempted, no microcode
[    0.428554] Freeing SMP alternatives memory: 36K
[    0.435011] ftrace: allocating 32313 entries in 127 pages
[    0.486326] smpboot: APIC(0) Converting physical 0 to logical package 0
[    0.488701] smpboot: Max logical packages: 1
[    0.491228] x2apic enabled
[    0.492493] Switched APIC routing to physical x2apic.
[    0.495404] ..TIMER: vector=0x30 apic1=0 pin1=2 apic2=-1 pin2=-1
[    0.605109] smpboot: CPU0: Intel(R) Core(TM) i5-6600K CPU @ 3.50GHz (family: 0x6, model: 0x5e, stepping: 0x3)
[    0.607918] Performance Events: unsupported p6 CPU model 94 no PMU driver, software events only.
[    0.619062] KVM setup paravirtual spinlock
[    0.620772] x86: Booting SMP configuration:
[    0.621922] .... node  #0, CPUs:      #1
[    0.623012] kvm-clock: cpu 1, msr 0:1ffe3041, secondary cpu clock
[    0.631427] mce: CPU supports 0 MCE banks
[    0.634250] x86: Booted up 1 node, 2 CPUs
[    0.635587] smpboot: Total of 2 processors activated (14016.00 BogoMIPS)
[    0.638354] devtmpfs: initialized
[    0.640830] evm: security.selinux
[    0.641788] evm: security.SMACK64
[    0.642743] evm: security.SMACK64EXEC
[    0.643772] evm: security.SMACK64TRANSMUTE
[    0.644874] evm: security.SMACK64MMAP
[    0.645914] evm: security.ima
[    0.646797] evm: security.capability
[    0.648000] clocksource: jiffies: mask: 0xffffffff max_cycles: 0xffffffff, max_idle_ns: 7645041785100000 ns
[    0.650548] futex hash table entries: 512 (order: 3, 32768 bytes)
[    0.652211] pinctrl core: initialized pinctrl subsystem
[    0.653644] RTC time:  7:31:02, date: 06/12/20
[    0.654957] NET: Registered protocol family 16
[    0.665440] cpuidle: using governor ladder
[    0.678140] cpuidle: using governor menu
[    0.679257] PCCT header not found.
[    0.680273] ACPI: bus type PCI registered
[    0.681362] acpiphp: ACPI Hot Plug PCI Controller Driver version: 0.5
[    0.683018] PCI: Using configuration type 1 for base access
[    0.699093] ACPI: Added _OSI(Module Device)
[    0.700245] ACPI: Added _OSI(Processor Device)
[    0.701446] ACPI: Added _OSI(3.0 _SCP Extensions)
[    0.702688] ACPI: Added _OSI(Processor Aggregator Device)
[    0.704676] ACPI: Executed 1 blocks of module-level executable AML code
[    0.708427] ACPI: Interpreter enabled
[    0.709597] ACPI: (supports S0 S5)
[    0.710633] ACPI: Using IOAPIC for interrupt routing
[    0.712135] PCI: Using host bridge windows from ACPI; if necessary, use "pci=nocrs" and report a bug
[    0.717845] ACPI: PCI Root Bridge [PCI0] (domain 0000 [bus 00-ff])
[    0.719395] acpi PNP0A03:00: _OSC: OS supports [ASPM ClockPM Segments MSI]
[    0.721088] acpi PNP0A03:00: _OSC: not requesting OS control; OS requires [ExtendedConfig ASPM ClockPM MSI]
[    0.723547] acpi PNP0A03:00: fail to add MMCONFIG information, can't access extended PCI configuration space under this bridge.
[    0.726672] PCI host bridge to bus 0000:00
[    0.727826] pci_bus 0000:00: root bus resource [io  0x0000-0x0cf7 window]
[    0.729488] pci_bus 0000:00: root bus resource [io  0x0d00-0xffff window]
[    0.731160] pci_bus 0000:00: root bus resource [mem 0x000a0000-0x000bffff window]
[    0.733196] pci_bus 0000:00: root bus resource [mem 0x20000000-0xfdffffff window]
[    0.735216] pci_bus 0000:00: root bus resource [bus 00-ff]
[    0.738396] pci 0000:00:01.1: legacy IDE quirk: reg 0x10: [io  0x01f0-0x01f7]
[    0.740155] pci 0000:00:01.1: legacy IDE quirk: reg 0x14: [io  0x03f6]
[    0.741748] pci 0000:00:01.1: legacy IDE quirk: reg 0x18: [io  0x0170-0x0177]
[    0.743465] pci 0000:00:01.1: legacy IDE quirk: reg 0x1c: [io  0x0376]
[    0.763816] pci 0000:00:07.0: quirk: [io  0x4000-0x403f] claimed by PIIX4 ACPI
[    0.765831] pci 0000:00:07.0: quirk: [io  0x4100-0x410f] claimed by PIIX4 SMB
[    0.770393] ACPI: PCI Interrupt Link [LNKA] (IRQs 5 9 10 *11)
[    0.773791] ACPI: PCI Interrupt Link [LNKB] (IRQs 5 9 *10 11)
[    0.775657] ACPI: PCI Interrupt Link [LNKC] (IRQs 5 *9 10 11)
[    0.777767] ACPI: PCI Interrupt Link [LNKD] (IRQs 5 9 10 *11)
[    0.779763] ACPI: Enabled 2 GPEs in block 00 to 07
[    0.781385] vgaarb: setting as boot device: PCI:0000:00:02.0
[    0.782867] vgaarb: device added: PCI:0000:00:02.0,decodes=io+mem,owns=io+mem,locks=none
[    0.785008] vgaarb: loaded
[    0.785831] vgaarb: bridge control possible 0000:00:02.0
[    0.787355] SCSI subsystem initialized
[    0.788514] ACPI: bus type USB registered
[    0.789615] usbcore: registered new interface driver usbfs
[    0.791021] usbcore: registered new interface driver hub
[    0.792409] usbcore: registered new device driver usb
[    0.793873] PCI: Using ACPI for IRQ routing
[    0.795244] NetLabel: Initializing
[    0.796209] NetLabel:  domain hash size = 128
[    0.797373] NetLabel:  protocols = UNLABELED CIPSOv4
[    0.798701] NetLabel:  unlabeled traffic allowed by default
[    0.800183] amd_nb: Cannot enumerate AMD northbridges
[    0.801539] clocksource: Switched to clocksource kvm-clock
[    0.809268] AppArmor: AppArmor Filesystem Enabled
[    0.810601] pnp: PnP ACPI init
[    0.812219] pnp: PnP ACPI: found 3 devices
[    0.821903] clocksource: acpi_pm: mask: 0xffffff max_cycles: 0xffffff, max_idle_ns: 2085701024 ns
[    0.824206] NET: Registered protocol family 2
[    0.825526] TCP established hash table entries: 4096 (order: 3, 32768 bytes)
[    0.827252] TCP bind hash table entries: 4096 (order: 4, 65536 bytes)
[    0.828838] TCP: Hash tables configured (established 4096 bind 4096)
[    0.830424] UDP hash table entries: 256 (order: 1, 8192 bytes)
[    0.831877] UDP-Lite hash table entries: 256 (order: 1, 8192 bytes)
[    0.833428] NET: Registered protocol family 1
[    0.834616] pci 0000:00:00.0: Limiting direct PCI/PCI transfers
[    0.836119] pci 0000:00:01.0: Activating ISA DMA hang workarounds
[    0.839141] Unpacking initramfs...
[    1.055934] Freeing initrd memory: 14880K
[    1.064277] clocksource: tsc: mask: 0xffffffffffffffff max_cycles: 0x3282142a9b0, max_idle_ns: 440795384778 ns
[    1.066956] platform rtc_cmos: registered platform RTC device (no PNP device found)
[    1.070492] Scanning for low memory corruption every 60 seconds
[    1.072739] audit: initializing netlink subsys (disabled)
[    1.074294] audit: type=2000 audit(1591947067.975:1): initialized
[    1.076535] Initialise system trusted keyring
[    1.078074] HugeTLB registered 2 MB page size, pre-allocated 0 pages
[    1.080943] zbud: loaded
[    1.082309] VFS: Disk quotas dquot_6.6.0
[    1.083425] VFS: Dquot-cache hash table entries: 512 (order 0, 4096 bytes)
[    1.085400] squashfs: version 4.0 (2009/01/31) Phillip Lougher
[    1.087646] fuse init (API version 7.23)
[    1.089849] Key type big_key registered
[    1.091017] Allocating IMA MOK and blacklist keyrings.
[    1.093640] Key type asymmetric registered
[    1.094815] Asymmetric key parser 'x509' registered
[    1.098080] Block layer SCSI generic (bsg) driver version 0.4 loaded (major 249)
[    1.100219] io scheduler noop registered
[    1.101331] io scheduler deadline registered (default)
[    1.103272] io scheduler cfq registered
[    1.104799] pci_hotplug: PCI Hot Plug PCI Core version: 0.5
[    1.106546] pciehp: PCI Express Hot Plug Controller Driver version: 0.4
[    1.108630] ACPI: AC Adapter [AC] (on-line)
[    1.110201] input: Power Button as /devices/LNXSYSTM:00/LNXPWRBN:00/input/input0
[    1.112356] ACPI: Power Button [PWRF]
[    1.113555] input: Sleep Button as /devices/LNXSYSTM:00/LNXSLPBN:00/input/input1
[    1.115551] ACPI: Sleep Button [SLPF]
[    1.117086] GHES: HEST is not enabled!
[    1.118438] Serial: 8250/16550 driver, 32 ports, IRQ sharing enabled
[    1.150267] 00:02: ttyS0 at I/O 0x3f8 (irq = 4, base_baud = 115200) is a 16550A
[    1.154834] Linux agpgart interface v0.103
[    1.157583] loop: module loaded
[    1.163458] scsi host0: ata_piix
[    1.164495] scsi host1: ata_piix
[    1.165639] ata1: PATA max UDMA/33 cmd 0x1f0 ctl 0x3f6 bmdma 0xd000 irq 14
[    1.167379] ata2: PATA max UDMA/33 cmd 0x170 ctl 0x376 bmdma 0xd008 irq 15
[    1.169157] libphy: Fixed MDIO Bus: probed
[    1.170277] tun: Universal TUN/TAP device driver, 1.6
[    1.171635] tun: (C) 1999-2004 Max Krasnyansky <maxk@qualcomm.com>
[    1.175538] PPP generic driver version 2.4.2
[    1.176759] ehci_hcd: USB 2.0 'Enhanced' Host Controller (EHCI) Driver
[    1.178592] ehci-pci: EHCI PCI platform driver
[    1.190657] ehci-platform: EHCI generic platform driver
[    1.192016] ohci_hcd: USB 1.1 'Open' Host Controller (OHCI) Driver
[    1.195403] ohci-pci: OHCI PCI platform driver
[    1.196600] ohci-platform: OHCI generic platform driver
[    1.198024] uhci_hcd: USB Universal Host Controller Interface driver
[    1.199871] i8042: PNP: PS/2 Controller [PNP0303:PS2K,PNP0f03:PS2M] at 0x60,0x64 irq 1,12
[    1.202469] serio: i8042 KBD port at 0x60,0x64 irq 1
[    1.203793] serio: i8042 AUX port at 0x60,0x64 irq 12
[    1.205273] mousedev: PS/2 mouse device common for all mice
[    1.207094] input: AT Translated Set 2 keyboard as /devices/platform/i8042/serio0/input/input2
[    1.209842] rtc_cmos rtc_cmos: rtc core: registered rtc_cmos as rtc0
[    1.211432] rtc_cmos rtc_cmos: alarms up to one day, 114 bytes nvram
[    1.213086] i2c /dev entries driver
[    1.226887] device-mapper: uevent: version 1.0.3
[    1.229102] device-mapper: ioctl: 4.34.0-ioctl (2015-10-28) initialised: dm-devel@redhat.com
[    1.231361] ledtrig-cpu: registered to indicate activity on CPUs
[    1.233201] NET: Registered protocol family 10
[    1.234608] NET: Registered protocol family 17
[    1.242894] Key type dns_resolver registered
[    1.244454] registered taskstats version 1
[    1.245581] Loading compiled-in X.509 certificates
[    1.247268] Loaded X.509 cert 'Build time autogenerated kernel key: a9e5689415cbbea5b40a198600f217117afda70c'
[    1.250181] zswap: loaded using pool lzo/zbud
[    1.252675] Key type trusted registered
[    1.256103] Key type encrypted registered
[    1.257272] AppArmor: AppArmor sha1 policy hashing enabled
[    1.258732] ima: No TPM chip found, activating TPM-bypass!
[    1.260316] ima: Allocated hash algorithm: sha1
[    1.261543] evm: HMAC attrs: 0x1
[    1.262964]   Magic number: 8:120:521
[    1.264087] rtc_cmos rtc_cmos: setting system clock to 2020-06-12 07:31:03 UTC (1591947063)
[    1.266466] BIOS EDD facility v0.16 2004-Jun-25, 0 devices found
[    1.268049] EDD information not available.
[    1.327012] Freeing unused kernel memory: 1488K
[    1.328337] Write protecting the kernel read-only data: 14336k
[    1.330214] Freeing unused kernel memory: 1600K
[    1.332477] Freeing unused kernel memory: 60K
Loading, please wait...
starting version 229
[    1.343288] random: systemd-udevd: uninitialized urandom read (16 bytes read, 3 bits of entropy available)
[    1.343363] random: udevadm: uninitialized urandom read (16 bytes read, 3 bits of entropy available)
[    1.343375] random: udevadm: uninitialized urandom read (16 bytes read, 3 bits of entropy available)
[    1.355439] random: udevadm: uninitialized urandom read (16 bytes read, 3 bits of entropy available)
[    1.355470] random: udevadm: uninitialized urandom read (16 bytes read, 3 bits of entropy available)
[    1.355614] random: udevadm: uninitialized urandom read (16 bytes read, 3 bits of entropy available)
[    1.355658] random: udevadm: uninitialized urandom read (16 bytes read, 3 bits of entropy available)
[    1.355700] random: udevadm: uninitialized urandom read (16 bytes read, 3 bits of entropy available)
[    1.355739] random: udevadm: uninitialized urandom read (16 bytes read, 3 bits of entropy available)
[    1.355776] random: udevadm: uninitialized urandom read (16 bytes read, 3 bits of entropy available)
[    1.411610] e1000: Intel(R) PRO/1000 Network Driver - version 7.3.21-k8-NAPI
[    1.413349] e1000: Copyright (c) 1999-2006 Intel Corporation.
[    1.417270] Fusion MPT base driver 3.04.20
[    1.430629] Copyright (c) 1999-2008 LSI Corporation
[    1.449258] AVX2 version of gcm_enc/dec engaged.
[    1.462866] AES CTR mode by8 optimization enabled
[    1.479694] Fusion MPT SPI Host driver 3.04.20
[    1.666744] input: ImExPS/2 Generic Explorer Mouse as /devices/platform/i8042/serio1/input/input4
[    1.836552] e1000 0000:00:03.0 eth0: (PCI:33MHz:32-bit) 02:98:f4:a7:56:97
[    1.838491] e1000 0000:00:03.0 eth0: Intel(R) PRO/1000 Network Connection
[    1.841103] e1000 0000:00:03.0 enp0s3: renamed from eth0
[    1.843101] mptbase: ioc0: Initiating bringup
[    2.070274] ioc0: LSI53C1030 A0: Capabilities={Initiator}
[    3.016767] scsi host2: ioc0: LSI53C1030 A0, FwRev=00000000h, Ports=1, MaxQ=256, IRQ=20
[    3.165265] scsi 2:0:0:0: Direct-Access     VBOX     HARDDISK         1.0  PQ: 0 ANSI: 5
[    3.168852] scsi target2:0:0: Beginning Domain Validation
[    3.170994] scsi target2:0:0: Domain Validation skipping write tests
[    3.179967] scsi target2:0:0: Ending Domain Validation
[    3.181964] scsi target2:0:0: asynchronous
[    3.183545] scsi 2:0:1:0: Direct-Access     VBOX     HARDDISK         1.0  PQ: 0 ANSI: 5
[    3.186539] scsi target2:0:1: Beginning Domain Validation
[    3.189135] scsi target2:0:1: Domain Validation skipping write tests
[    3.190737] scsi target2:0:1: Ending Domain Validation
[    3.192142] scsi target2:0:1: asynchronous
[    3.200177] sd 2:0:0:0: Attached scsi generic sg0 type 0
[    3.214948] sd 2:0:0:0: [sda] 20971520 512-byte logical blocks: (10.7 GB/10.0 GiB)
[    3.215101] sd 2:0:1:0: Attached scsi generic sg1 type 0
[    3.215214] sd 2:0:1:0: [sdb] 20480 512-byte logical blocks: (10.5 MB/10.0 MiB)
[    3.215396] sd 2:0:1:0: [sdb] Write Protect is off
[    3.215641] sd 2:0:1:0: [sdb] Incomplete mode parameter data
[    3.215642] sd 2:0:1:0: [sdb] Assuming drive cache: write through
[    3.217530] sd 2:0:1:0: [sdb] Attached SCSI disk
[    3.254430] sd 2:0:0:0: [sda] Write Protect is off
[    3.256955] sd 2:0:0:0: [sda] Incomplete mode parameter data
[    3.258741] sd 2:0:0:0: [sda] Assuming drive cache: write through
[    3.261513]  sda: sda1
[    3.263356] sd 2:0:0:0: [sda] Attached SCSI disk
Begin: Loading essential drivers ... [    4.676964] md: linear personality registered for level -1
[    4.686514] md: multipath personality registered for level -4
[    4.690916] md: raid0 personality registered for level 0
[    4.702081] md: raid1 personality registered for level 1
[    4.773820] raid6: sse2x1   gen() 13216 MB/s
[    4.841635] raid6: sse2x1   xor()  9873 MB/s
[    4.909946] raid6: sse2x2   gen() 16531 MB/s
[    4.978123] raid6: sse2x2   xor() 10617 MB/s
[    5.045625] raid6: sse2x4   gen() 18693 MB/s
[    5.121736] raid6: sse2x4   xor() 12549 MB/s
[    5.189604] raid6: avx2x1   gen() 25201 MB/s
[    5.257925] raid6: avx2x2   gen() 29785 MB/s
[    5.325820] raid6: avx2x4   gen() 32791 MB/s
[    5.327953] raid6: using algorithm avx2x4 gen() 32791 MB/s
[    5.329355] raid6: using avx2x2 recovery algorithm
[    5.332168] xor: automatically using best checksumming function:
[    5.373563]    avx       : 26792.000 MB/sec
[    5.381735] async_tx: api initialized (async)
[    5.392850] md: raid6 personality registered for level 6
[    5.396824] md: raid5 personality registered for level 5
[    5.398381] md: raid4 personality registered for level 4
[    5.405175] md: raid10 personality registered for level 10
done.
Begin: Running /scripts/init-premount ... done.
Begin: Mounting root file system ... Begin: Running /scripts/local-top ... done.
Begin: Running /scripts/local-premount ... [    5.436753] Btrfs loaded
Scanning for Btrfs filesystems
done.
Warning: fsck not present, so skipping root file system
[    5.465363] EXT4-fs (sda1): mounted filesystem with ordered data mode. Opts: (null)
done.
Begin: Running /scripts/local-bottom ... done.
Begin: Running /scripts/init-bottom ... done.
[    5.551792] systemd[1]: systemd 229 running in system mode. (+PAM +AUDIT +SELINUX +IMA +APPARMOR +SMACK +SYSVINIT +UTMP +LIBCRYPTSETUP +GCRYPT +GNUTLS +ACL +XZ -LZ4 +SECCOMP +BLKID +ELFUTILS +KMOD -IDN)
[    5.562411] systemd[1]: Detected virtualization oracle.
[    5.564396] systemd[1]: Detected architecture x86-64.

Welcome to [1mUbuntu 16.04.6 LTS[0m!

[    5.578527] systemd[1]: Set hostname to <ubuntu>.
[    5.581957] systemd[1]: Initializing machine ID from random generator.
[    5.584064] systemd[1]: Installed transient /etc/machine-id file.
[    5.717539] systemd[1]: Reached target User and Group Name Lookups.
[[0;32m  OK  [0m] Reached target User and Group Name Lookups.
[    5.780803] systemd[1]: Started Trigger resolvconf update for networkd DNS.
[[0;32m  OK  [0m] Started Trigger resolvconf update for networkd DNS.
[    5.830394] systemd[1]: Started Forward Password Requests to Wall Directory Watch.
[[0;32m  OK  [0m] Started Forward Password Requests to Wall Directory Watch.
[    5.900642] systemd[1]: Listening on /dev/initctl Compatibility Named Pipe.
[[0;32m  OK  [0m] Listening on /dev/initctl Compatibility Named Pipe.
[    5.905224] systemd[1]: Reached target Encrypted Volumes.
[[0;32m  OK  [0m] Reached target Encrypted Volumes.
[    5.942021] systemd[1]: Listening on LVM2 metadata daemon socket.
[[0;32m  OK  [0m] Listening on LVM2 metadata daemon socket.
[    5.946508] systemd[1]: Listening on LVM2 poll daemon socket.
[[0;32m  OK  [0m] Listening on LVM2 poll daemon socket.
[    5.994529] systemd[1]: Reached target System Time Synchronized.
[[0;32m  OK  [0m] Reached target System Time Synchronized.
[    5.999471] systemd[1]: Listening on udev Control Socket.
[[0;32m  OK  [0m] Listening on udev Control Socket.
[    6.002461] systemd[1]: Listening on Device-mapper event daemon FIFOs.
[[0;32m  OK  [0m] Listening on Device-mapper event daemon FIFOs.
[    6.065631] systemd[1]: Created slice User and Session Slice.
[[0;32m  OK  [0m] Created slice User and Session Slice.
[    6.070429] systemd[1]: Listening on Journal Socket (/dev/log).
[[0;32m  OK  [0m] Listening on Journal Socket (/dev/log).
[    6.073407] systemd[1]: Listening on udev Kernel Socket.
[[0;32m  OK  [0m] Listening on udev Kernel Socket.
[    6.090683] systemd[1]: Reached target Swap.
[[0;32m  OK  [0m] Reached target Swap.
[    6.107347] systemd[1]: Listening on Syslog Socket.
[[0;32m  OK  [0m] Listening on Syslog Socket.
[    6.125219] systemd[1]: Created slice System Slice.
[[0;32m  OK  [0m] Created slice System Slice.
[    6.132113] systemd[1]: Created slice system-serial\x2dgetty.slice.
[[0;32m  OK  [0m] Created slice system-serial\x2dgetty.slice.
[    6.169542] systemd[1]: Reached target Slices.
[[0;32m  OK  [0m] Reached target Slices.
[    6.172784] systemd[1]: Set up automount Arbitrary Executable File Formats File System Automount Point.
[[0;32m  OK  [0m] Set up automount Arbitrary Executab...ats File System Automount Point.
[    6.181975] systemd[1]: Listening on Journal Socket.
[[0;32m  OK  [0m] Listening on Journal Socket.
[    6.194556] systemd[1]: Starting Nameserver information manager...
         Starting Nameserver information manager...
[    6.198069] systemd[1]: Starting Set console keymap...
         Starting Set console keymap...
[    6.209170] systemd[1]: Starting Remount Root and Kernel File Systems...
         Starting Remount Root a[    6.212916] EXT4-fs (sda1): re-mounted. Opts: (null)
nd Kernel File Systems...
[    6.270194] systemd[1]: Mounting Huge Pages File System...
         Mounting Huge Pages File System...
[    6.273659] systemd[1]: Starting Uncomplicated firewall...
         Starting Uncomplicated firewall...
[    6.283848] systemd[1]: Starting Monitoring of LVM2 mirrors, snapshots etc. using dmeventd or progress polling...
         Starting Monitoring of LVM2 mirrors... dmeventd or progress polling...
[    6.289803] systemd[1]: Mounting Debug File System...
         Mounting Debug File System...
[    6.307719] systemd[1]: Starting Load Kernel Modules...
[    6.316165] Loading iSCSI transport class v2.0-870.
         Starting Load Kernel Modules...
[    6.321702] systemd[1]: Mounting POSIX Message Queue File System...
         Mounting POSIX Message Queue File System...
[    6.325426] systemd[1]: Starting Create list of required static device nodes for the current kernel...
         Starting Create list of[    6.342502] iscsi: registered transport (tcp)
 required st... [    6.367457] iscsi: registered transport (iser)
nodes for the current kernel...
[    6.370219] systemd[1]: Listening on Journal Audit Socket.
[[0;32m  OK  [0m] Listening on Journal Audit Socket.
[    6.382483] systemd[1]: Starting Journal Service...
         Starting Journal Service...
[    6.388641] systemd[1]: Mounted POSIX Message Queue File System.
[[0;32m  OK  [0m] Mounted POSIX Message Queue File System.
[    6.394529] systemd[1]: Mounted Huge Pages File System.
[[0;32m  OK  [0m] Mounted Huge Pages File System.
[    6.400393] systemd[1]: Mounted Debug File System.
[[0;32m  OK  [0m] Mounted Debug File System.
[    6.414100] systemd[1]: Started Journal Service.
[[0;32m  OK  [0m] Started Journal Service.
[[0;32m  OK  [0m] Started Set console keymap.
[[0;32m  OK  [0m] Started Remount Root and Kernel File Systems.
[[0;32m  OK  [0m] Started Uncomplicated firewall.
[[0;32m  OK  [0m] Started Load Kernel Modules.
[[0;32m  OK  [0m] Started Create list of required sta...ce nodes for the current kernel.
[[0;32m  OK  [0m] Started Nameserver information manager.
[[0;32m  OK  [0m] Started LVM2 metadata daemon.
         Starting Create Static Device Nodes in /dev...
         Mounting FUSE Control File System...
         Starting Apply Kernel Variables...
[    6.534282] random: nonblocking pool is initialized
         Starting udev Coldplug all Devices...
         Starting Load/Save Random Seed...
         Starting Flush Journal to Persistent Storage...
[[0;32m  OK  [0m] Mounted FUSE Control File System.
[[0;32m  OK  [0m] Started Create Static Device Nodes in /dev.
[[0;32m  OK  [0m] Started Apply Kernel Variables.
[[0;32m  OK  [0m] Started Load/Save Random Seed.
         Starting udev Kernel Device Manager...
[[0;32m  OK  [0m] Started Flush Journal to Persistent Storage.
[[0;32m  OK  [0m] Started udev Coldplug all Devices.
[[0;32m  OK  [0m] Started udev Kernel Device Manager.
[[0;32m  OK  [0m] Started Dispatch Password Requests to Console Directory Watch.
[[0;32m  OK  [0m] Found device /dev/ttyS0.
[[0;32m  OK  [0m] Listening on Load/Save RF Kill Switch Status /dev/rfkill Watch.
[[0;32m  OK  [0m] Started Monitoring of LVM2 mirrors,...ng dmeventd or progress polling.
[[0;32m  OK  [0m] Reached target Local File Systems (Pre).
[[0;32m  OK  [0m] Reached target Local File Systems.
         Starting Commit a transient machine-id on disk...
         Starting LSB: AppArmor initialization...
         Starting Create Volatile Files and Directories...
         Starting Set console font and keymap...
         Starting Initial cloud-init job (pre-networking)...
         Starting Tell Plymouth To Write Out Runtime Data...
[[0;32m  OK  [0m] Started Create Volatile Files and Directories.
[[0;32m  OK  [0m] Started Commit a transient machine-id on disk.
[[0;32m  OK  [0m] Started Tell Plymouth To Write Out Runtime Data.
         Starting Update UTMP about System Boot/Shutdown...
[[0;32m  OK  [0m] Started Update UTMP about System Boot/Shutdown.
[[0;32m  OK  [0m] Started Set console font and keymap.
[[0;32m  OK  [0m] Created slice system-getty.slice.
[    8.268854] cloud-init[635]: Cloud-init v. 19.4-33-gbb4131a2-0ubuntu1~16.04.1 running 'init-local' at Fri, 12 Jun 2020 07:31:10 +0000. Up 7.85 seconds.
[[0;32m  OK  [0m] Started Initial cloud-init job (pre-networking).
[[0;32m  OK  [0m] Reached target Network (Pre).
[[0;32m  OK  [0m] Started LSB: AppArmor initialization.
         Starting Raise network interfaces...
[[0;32m  OK  [0m] Started Raise network interfaces.
[[0;32m  OK  [0m] Reached target Network.
         Starting Initial cloud-init job (metadata service crawler)...
[    9.965126] cloud-init[946]: Cloud-init v. 19.4-33-gbb4131a2-0ubuntu1~16.04.1 running 'init' at Fri, 12 Jun 2020 07:31:12 +0000. Up 9.37 seconds.
[    9.968798] cloud-init[946]: ci-info: ++++++++++++++++++++++++++++++++++++++Net device info++++++++++++++++++++++++++++++++++++++
[    9.976442] cloud-init[946]: ci-info: +--------+------+----------------------------+---------------+--------+-------------------+
[    9.979602] cloud-init[946]: ci-info: | Device |  Up  |          Address           |      Mask     | Scope  |     Hw-Address    |
[    9.986744] cloud-init[946]: ci-info: +--------+------+----------------------------+---------------+--------+-------------------+
[    9.993335] cloud-init[946]: ci-info: | enp0s3 | True |         10.0.2.15          | 255.255.255.0 | global | 02:98:f4:a7:56:97 |
[   10.001139] cloud-init[946]: ci-info: | enp0s3 | True | fe80::98:f4ff:fea7:5697/64 |       .       |  link  | 02:98:f4:a7:56:97 |
[   10.008950] cloud-init[946]: ci-info: |   lo   | True |         127.0.0.1          |   255.0.0.0   |  host  |         .         |
[   10.012068] cloud-init[946]: ci-info: |   lo   | True |          ::1/128           |       .       |  host  |         .         |
[   10.020361] cloud-init[946]: ci-info: +--------+------+----------------------------+---------------+--------+-------------------+
[   10.029637] cloud-init[946]: ci-info: +++++++++++++++++++++++++++Route IPv4 info++++++++++++++++++++++++++++
[   10.032588] cloud-init[946]: ci-info: +-------+-------------+----------+---------------+-----------+-------+
[   10.035403] cloud-init[[0;32m  OK  [0m] Started Initial cloud-init job (metadata service crawler).
[[0;32m  OK  [0m] Reached target Network is Online.
[946]: ci-info: | Route | Destination | Gateway  |    Genmask    | Interface | Flags |
[   10.040656] cloud-init[946]: ci-info: +-------+-------------+----------+---------------+-----------+-------+
[   10.043376] cloud-init[946]: ci-info: |   0   |   0.0.0.0   | 10.0.2.2 |    0.0.0.0    |   enp0s3  |   UG  |
[   10.046046] cloud-init[946]: ci-info: |   1   |   10.0.2.0  | 0.0.0.0  | 255.255.255.0 |   enp0s3  |   U   |         Starting iSCSI initiator daemon (iscsid)...
[[0;32m  OK  [0m] Reached target Cloud-config availability.
[[0;32m  OK  [0m] Reached target System Initialization.

[   10.060445]          Starting LXD - unix socket.
[[0;32m  OK  [0m] Listening on D-Bus System Message Bus Socket.
cloud-init[946]: ci-info: +-------+-------------+----------+---------------+-----------+-------+
[   10.082254] [[0;32m  OK  [0m] Started Daily apt download activities.
[[0;32m  OK  [0m] Started Message of the Day.
[[0;32m  OK  [0m] Listening on UUID daemon activation socket.
         Starting Socket activation for snappy daemon.
[[0;32m  OK  [0m] Started Daily Cleanup of Temporary Directories.
[[0;32m  OK  [0m] Started Daily apt upgrade and clean activities.
[[0;32m  OK  [0m] Reached target Timers.
[[0;32m  OK  [0m] Listening on ACPID Listen Socket.
cloud-init[946]: [[0;32m  OK  [0m] Started ACPI Events Check.
[[0;32m  OK  [0m] Reached target Paths.
ci-info: +++++++++++++++++++Route IPv6 info+++++++++++++++++++
[   10.119132] [[0;32m  OK  [0m] Listening on LXD - unix socket.
[[0;32m  OK  [0m] Listening on Socket activation for snappy daemon.
[[0;32m  OK  [0m] Started iSCSI initiator daemon (iscsid).
         Starting Login to default iSCSI targets...
[[0;32m  OK  [0m] Reached target Sockets.
cloud-init[946]: ci-info: +-------+-------------+---------+-----------+-------+
[   10.141003] [[0;32m  OK  [0m] Reached target Basic System.
         Starting /etc/rc.local Compatibility...
         Starting LSB: MD monitoring daemon...
cloud-init[946]: ci-info: | Route | Destination | Gateway | Interface | Flags |         Starting Pollinate to seed the pseudo random number generator...
         Starting Virtualbox guest utils...

[[0;32m  OK  [0m] Started Regular background program processing daemon.
         Starting LSB: Record successful boot for GRUB...
         Starting Login Service...
         Starting LXD - container startup/shutdown...
         Starting Snappy daemon...
[   10.161554] [cloud-init[0;32m  OK  [0m[946]: ] ci-info: +-------+-------------+---------+-----------+-------+Started Deferred execution scheduler.

[[0;32m  OK  [0m] Started D-Bus System Message Bus.
[   10.179377] cloud-init[946]: ci-info: |   0   |  fe80::/64  |    ::   |   enp0s3  |   U   |
[   10.182329] cloud-init[946]: ci-info: |   3   |   ff00::/8  |    ::   |   enp0s3  |   U   |
[   10.185873] cloud-init[946]: ci-info: +-------+-------------+---------+-----------+-------+
[   10.188499] cloud-init[946]: Generating public/private rsa key pair.
[   10.190828] cloud-init[946]: Your identification has been saved in /etc/ssh/ssh_host_rsa_key.
[   10.222852] cloud-init[946]: Your public key has been saved in /etc/ssh/ssh_host_rsa_key.pub.
[   10.225026] cloud-init[946]: The key fingerprint is:
[   10.226443] cloud-init[946]: SHA256:s8rJVjQujPF0zcJ5bo2wUEsaxTD+L0p57jiYwvHG/LM root@ubuntu-xenial
[   10.230515]          cloud-initStarting Accounts Service...[946]: 
The key's randomart image is:
[   10.257516] [[0;32m  OK  [0m] Started FUSE filesystem for LXC.
cloud-init[946]: +---[RSA 2048]----+
[   10.265672] cloud-init[946]: |      o+.        |
[   10.267547] cloud-init[[0;32m  OK  [0m] Started ACPI event daemon.
         Starting System Logging Service...
[946]: [[0;32m  OK  [0m] Started /etc/rc.local Compatibility.
|     ...+        |
[   10.324289] [[0;32m  OK  [0m] Started Login Service.
[[0;32m  OK  [0m] Started System Logging Service.
[[0;32m  OK  [0m] Started LSB: MD monitoring daemon.
[[0;32m  OK  [0m] Started LSB: Record successful boot for GRUB.
cloud-init[946]: |      .* =       |
[   10.341255] cloud-init[946]: |    . +.X +      |[[0;32m  OK  [0m] Started Unattended Upgrades Shutdown.

[[0;32m  OK  [0m] Started Login to default iSCSI targets.
[   10.355481] cloud-init[946]: |     * =SB o     |
         Starting Authenticate and Authorize Users to Run Privileged Tasks...
[[0;32m  OK  [0m] Reached target Remote File Systems (Pre).
[[0;32m  OK  [0m] Reached target Remote File Systems.
[   10.368412] cloud-init[946]: |  . . +.+++ .    |
[   10.440450] cloud-init[946]: | . = ooo+..      |
[   10.452190] cloud-init[946]: |  o B++B .       |
[   10.453649] cloud-init[946]: |   o oE=o        |
[   10.455010] cloud-init[946]: +----[SHA256]-----+
         Starting LSB: automatic crash report generation...
         Starting LSB: Set the CPU Frequency Scaling governor to "ondemand"...
[   10.470518] cloud-init[946]: Generating public/private dsa key pair.
         Starting Permit User Sessions...
         Starting LSB: daemon to balance interrupts for SMP systems...
[[0;32m  OK  [0m] Started Virtualbox guest utils.
[   10.488503] [[0;32m  OK  [0m] Started LXD - container startup/shutdown.
[[0;32m  OK  [0m] Started Permit User Sessions.
[[0;32m  OK  [0m] Started Authenticate and Authorize Users to Run Privileged Tasks.
cloud-init[946]: Your identification has been saved in /etc/ssh/ssh_host_dsa_key.
[   10.537562] [[0;32m  OK  [0m] Started Accounts Service.
[[0;32m  OK  [0m] Started Snappy daemon.
cloud-init[946]: Your public key has been saved in /etc/ssh/ssh_host_dsa_key.pub.
[   10.561937] cloud-init[946]: The key fingerprint is:
         Starting Wait until snapd is fully seeded...
         Starting Hold until boot process finishes up...
         Starting Terminate Plymouth Boot Screen...
[[0;32m  OK  [0m] Started Hold until boot process finishes up.
[   10.576770] cloud-init[946]: SHA256:IE54qVzSksId5MwyYgui7Oel4s7oTK1OlXXnuDe5sj8 root@ubuntu-xenial
[   10.595955] cloud-init[946]: The key's randomart image is:
[   10.598570] cloud-init[946]: +---[DSA 1024]----+
[   10.619959] [[0;32m  OK  [0m] Started Terminate Plymouth Boot Screen.
cloud-init[[0;32m  OK  [0m] Started LSB: automatic crash report generation.
[946]: |  .o             |
[   10.625601] cloud-init[946]: |. =+..           |
[   10.631545] cloud-init[946]: |====B... .       |
[   10.633030] cloud-init[946]: |Bo+Oo...+        |
[   10.634388] cloud-init[946]: |.ooo.  .S.       |
[   10.635741] [[0;32m  OK  [0m] Started Serial Getty on ttyS0.
         Starting Set console scheme...
[[0;32m  OK  [0m] Started Getty on tty1.
[[0;32m  OK  [0m] Reached target Login Prompts.
[[0;32m  OK  [0m] Started LSB: Set the CPU Frequency Scaling governor to "ondemand".
cloud-init[946]: |. o     . .      |
[   10.642118] cloud-init[946]: | + o . . +       |
[   10.643900] cloud-init[946]: |*.+ o  ..Eo      |
[[0;32m  OK  [0m] Started LSB: daemon to balance interrupts for SMP systems.
[   10.644551] cloud-init[946]: |*O.o   .+o.      |
[   10.648455] cloud-init[946]: +----[SHA256]-----+
[   10.648788] cloud-init[946]: Generating public/private ecdsa key pair.
[   10.649062] cloud-init[946]: Your identification has been saved in /etc/ssh/ssh_host_ecdsa_key.
[   10.649343] cloud-init[946]: Your public key has been saved in /etc/ssh/ssh_host_ecdsa_key.pub.
[   10.649606] cloud-init[946]: The key fingerprint is:
[   10.649911] cloud-init[946]: SHA256:1j1CgN3OOla4BSDX6vHkw8KRZoomiwpo185pHSdag5I root@ubuntu-xenial
[   10.650210] cloud-init[946]: The key's randomart image is:
[   10.650491] cloud-init[946]: +---[ECDSA 256]---+
[   10.650757] cloud-init[946]: |    . o=..       |
[   10.651075] cloud-init[946]: |     o. +..      |
[   10.651390] cloud-init[946]: |       o =.      |
[   10.651811] cloud-init[946]: |      B oo=.     |
[   10.652456] cloud-init[946]: |   ..*.BS=o o    |
[   10.652730] cloud-init[946]: |o oEo.+*X. . .   |
[   10.653009] cloud-init[946]: |+= ...+o=o       |
[   10.653282] cloud-init[946]: |= . oo..         |
[   10.653547] cloud-init[946]: |o   .+           |
[   10.653844] cloud-init[946]: +----[SHA256]-----+
[   10.654102] cloud-init[946]: Generating public/private ed25519 key pair.
[   10.654371] cloud-init[946]: Your identification has been saved in /etc/ssh/ssh_host_ed25519_key.
[   10.654683] cloud-init[946]: Your public key has been saved in /etc/ssh/ssh_host_ed25519_key.pub.
[   10.654985] cloud-init[946]: The key fingerprint is:
[   10.655258] cloud-init[946]: SHA256:Gkn6wybJYF1H5XiilIyoh5kegfgXEEImeEVAZqmFv+4 root@ubuntu-xenial
[   10.655542] cloud-init[946]: The key's randomart image is:
[   10.655874] cloud-init[946]: +--[ED25519 256]--+
[   10.656445] cloud-init[946]: |==B*o   ...      |
[   10.656765] cloud-init[946]: |B++o o o o       |
[   10.657032] cloud-init[946]: |o*. o * + o      |
[   10.657587] cloud-init[946]: |.*o. * + o       |
[   10.657848] cloud-init[946]: |=.=.+ + S        |
[   10.658125] cloud-init[946]: |.oo+ + o         |
[   10.658414] cloud-init[946]: | o  + *          |
[   10.658719] cloud-init[946]: |  .  o .         |
[[0;32m  OK  [0m] Started Set console scheme.
[   10.659190] cloud-init[946]: | .E              |
[[0;32m  OK  [0m] Started Pollinate to seed the pseudo random number generator.
[   10.743030] cloud-init[946]: +----[SHA256]-----+
         Starting OpenBSD Secure Shell server...
[[0;32m  OK  [0m] Started OpenBSD Secure Shell server.
[[0;32m  OK  [0m] Started Wait until snapd is fully seeded.
         Starting Apply the settings specified in cloud-config...
[[0;32m  OK  [0m] Reached target Multi-User System.
[[0;32m  OK  [0m] Reached target Graphical Interface.
         Starting Update UTMP about System Runlevel Changes...
[[0;32m  OK  [0m] Started Update UTMP about System Runlevel Changes.
[   12.130805] cloud-init[1306]: Generating locales (this might take a while)...
[[0;32m  OK  [0m] Created slice User Slice of vagrant.
         Starting User Manager for UID 1000...
[[0;32m  OK  [0m] Started Session 1 of user vagrant.
[[0;32m  OK  [0m] Started User Manager for UID 1000.
[   13.333873] cloud-init[1306]:   en_US.UTF-8... done
[   13.335554] cloud-init[1306]: Generation complete.
[   13.635517] cloud-init[1306]: Cloud-init v. 19.4-33-gbb4131a2-0ubuntu1~16.04.1 running 'modules:config' at Fri, 12 Jun 2020 07:31:14 +0000. Up 12.01 seconds.
[[0;32m  OK  [0m] Started Apply the settings specified in cloud-config.
         Starting Execute cloud user/final scripts...
ci-info: no authorized SSH keys fingerprints found for user ubuntu.
<14>Jun 12 07:31:16 ec2: 
<14>Jun 12 07:31:16 ec2: #############################################################
<14>Jun 12 07:31:16 ec2: -----BEGIN SSH HOST KEY FINGERPRINTS-----
<14>Jun 12 07:31:16 ec2: 1024 SHA256:IE54qVzSksId5MwyYgui7Oel4s7oTK1OlXXnuDe5sj8 root@ubuntu-xenial (DSA)
<14>Jun 12 07:31:16 ec2: 256 SHA256:1j1CgN3OOla4BSDX6vHkw8KRZoomiwpo185pHSdag5I root@ubuntu-xenial (ECDSA)
<14>Jun 12 07:31:16 ec2: 256 SHA256:Gkn6wybJYF1H5XiilIyoh5kegfgXEEImeEVAZqmFv+4 root@ubuntu-xenial (ED25519)
<14>Jun 12 07:31:16 ec2: 2048 SHA256:s8rJVjQujPF0zcJ5bo2wUEsaxTD+L0p57jiYwvHG/LM root@ubuntu-xenial (RSA)
<14>Jun 12 07:31:16 ec2: -----END SSH HOST KEY FINGERPRINTS-----
<14>Jun 12 07:31:16 ec2: #############################################################
-----BEGIN SSH HOST KEY KEYS-----
ecdsa-sha2-nistp256 AAAAE2VjZHNhLXNoYTItbmlzdHAyNTYAAAAIbmlzdHAyNTYAAABBBIVF+42e9rNP2nH86sDiJBj3sa8dxc/0jNXqm3sZU7em7W5271URGnP97HHF4i/REaaT7Ao4xcCaq3aEhUDktZw= root@ubuntu-xenial
ssh-ed25519 AAAAC3NzaC1lZDI1NTE5AAAAINtSI+HHcZqQ/0w7GjiNVwGBDftRKjSzL6VVKap5r5xl root@ubuntu-xenial
ssh-rsa AAAAB3NzaC1yc2EAAAADAQABAAABAQDdRElcKzIDiQ2caMGebjjkx5jSKZULr9fOWFK+JD5ZghIa33+JsVxlDvvF/akPLA7pPk80h6nNIMGCC3HxLAmasoV/kRplhZ6bMfLV3gNmzTh7wtGRO/RWIhG4JkoxJnShGvm2Za3pZT87g7Uuha4StQecaQYYL27CgqjY/AM3SwPeJYtSvdE7BJovbt6vIxj42PUoLHOdZ/e+FEiF0Hi54H6ccPQqnA9HDd7Mm4pOTwSGfZdPWt9lDoA4MK7chHVejI2bAQRdkq/UeGe6QB1Ctz2KTffXjUbJcNSPCz1mfFz1KG4+wXORu3QIbIJnt2H6WeuNlHu0S5DteG8Yl0cD root@ubuntu-xenial
-----END SSH HOST KEY KEYS-----
[   14.205540] cloud-init[1460]: Cloud-init v. 19.4-33-gbb4131a2-0ubuntu1~16.04.1 running 'modules:final' at Fri, 12 Jun 2020 07:31:16 +0000. Up 14.03 seconds.
[   14.210146] cloud-init[1460]: ci-info: no authorized SSH keys fingerprints found for user ubuntu.
[   14.212883] cloud-init[1460]: Cloud-init v. 19.4-33-gbb4131a2-0ubuntu1~16.04.1 finished at Fri, 12 Jun 2020 07:31:16 +0000. Datasource DataSourceNoCloud [seed=/dev/sdb][dsmode=net].  Up 14.19 seconds
[[0;32m  OK  [0m] Started Execute cloud user/final scripts.
[[0;32m  OK  [0m] Reached target Cloud-init target.

Ubuntu 16.04.6 LTS ubuntu-xenial ttyS0

ubuntu-xenial login: 